<?xml version="1.0" encoding="UTF-8"?>
<!-- Generated by org.testng.reporters.JUnitXMLReporter -->
<testsuite ignored="4" hostname="LT14-HAH1-IND" failures="0" tests="1" name="Default test" time="0.066" errors="0" timestamp="2021-09-09T21:05:28 IST">
  <testcase classname="testng.tests.TestPriority" name="@BeforeClass OpenBrowser" time="-1.631201728321E9">
    <failure type="org.testng.TestNGException" message="
Parameter &amp;apos;browserType&amp;apos; is required by BeforeClass on method OpenBrowser but has not been marked @Optional or defined
in C:\Users\HAH1\AppData\Local\Temp\testng-eclipse-471863778\testng-customsuite.xml">
      <![CDATA[org.testng.TestNGException: 
Parameter 'browserType' is required by BeforeClass on method OpenBrowser but has not been marked @Optional or defined
in C:\Users\HAH1\AppData\Local\Temp\testng-eclipse-471863778\testng-customsuite.xml
at org.testng.internal.Parameters.createParams(Parameters.java:270)
at org.testng.internal.Parameters.createParametersForMethod(Parameters.java:358)
at org.testng.internal.Parameters.createParameters(Parameters.java:700)
at org.testng.internal.Parameters.createConfigurationParameters(Parameters.java:168)
at org.testng.internal.ConfigInvoker.invokeConfigurations(ConfigInvoker.java:302)
at org.testng.internal.TestMethodWorker.invokeBeforeClassMethods(TestMethodWorker.java:176)
at org.testng.internal.TestMethodWorker.run(TestMethodWorker.java:122)
at java.base/java.util.ArrayList.forEach(ArrayList.java:1511)
at org.testng.TestRunner.privateRun(TestRunner.java:794)
at org.testng.TestRunner.run(TestRunner.java:596)
at org.testng.SuiteRunner.runTest(SuiteRunner.java:377)
at org.testng.SuiteRunner.runSequentially(SuiteRunner.java:371)
at org.testng.SuiteRunner.privateRun(SuiteRunner.java:332)
at org.testng.SuiteRunner.run(SuiteRunner.java:276)
at org.testng.SuiteRunnerWorker.runSuite(SuiteRunnerWorker.java:53)
at org.testng.SuiteRunnerWorker.run(SuiteRunnerWorker.java:96)
at org.testng.TestNG.runSuitesSequentially(TestNG.java:1212)
at org.testng.TestNG.runSuitesLocally(TestNG.java:1134)
at org.testng.TestNG.runSuites(TestNG.java:1063)
at org.testng.TestNG.run(TestNG.java:1031)
at org.testng.remote.AbstractRemoteTestNG.run(AbstractRemoteTestNG.java:115)
at org.testng.remote.RemoteTestNG.initAndRun(RemoteTestNG.java:251)
at org.testng.remote.RemoteTestNG.main(RemoteTestNG.java:77)
]]>
    </failure>
  </testcase> <!-- @BeforeClass OpenBrowser -->
  <testcase classname="testng.tests.TestPriority" name="@AfterMethod quit" time="-1.631201728359E9">
    <skipped/>
  </testcase> <!-- @AfterMethod quit -->
  <testcase classname="testng.tests.TestPriority" name="One" time="0.0">
    <skipped/>
  </testcase> <!-- One -->
  <testcase classname="testng.tests.TestPriority" name="Fifth" time="0.0">
    <ignored/>
  </testcase> <!-- Fifth -->
  <testcase classname="testng.tests.TestPriority" name="Two" time="0.0">
    <ignored/>
  </testcase> <!-- Two -->
  <testcase classname="testng.tests.TestPriority" name="Fourth" time="0.0">
    <ignored/>
  </testcase> <!-- Fourth -->
  <testcase classname="testng.tests.TestPriority" name="Three" time="0.0">
    <ignored/>
  </testcase> <!-- Three -->
</testsuite> <!-- Default test -->
