<?xml version="1.0" encoding="UTF-8"?>
<!-- Generated by org.testng.reporters.JUnitXMLReporter -->
<testsuite ignored="1" hostname="LT14-HAH1-IND" failures="0" tests="1" name="Default test" time="5.716" errors="0" timestamp="2021-08-25T11:19:20 IST">
  <testcase classname="com.guru99.tests.TestScrolling" name="TestScrollUpAndDown" time="1.04"/>
  <testcase classname="com.guru99.tests.TestScrolling" name="TestScrollUsingJS" time="0.0">
    <ignored/>
  </testcase> <!-- TestScrollUsingJS -->
</testsuite> <!-- Default test -->
