<?xml version="1.0" encoding="UTF-8"?>
<!-- Generated by org.testng.reporters.JUnitXMLReporter -->
<testsuite ignored="0" hostname="LT14-HAH1-IND" failures="0" tests="5" name="TestIE" time="2.803" errors="0" timestamp="2021-09-17T12:45:02 IST">
  <testcase classname="testng.tests.TestPriority" name="One" time="0.001"/>
  <testcase classname="testng.tests.TestPriority" name="Two" time="0.002"/>
  <testcase classname="testng.tests.TestPriority" name="Three" time="0.001"/>
  <testcase classname="testng.tests.TestPriority" name="Fifth" time="0.002"/>
  <testcase classname="testng.tests.TestPriority" name="Fourth" time="0.001"/>
</testsuite> <!-- TestIE -->
