<?xml version="1.0" encoding="UTF-8"?>
<!-- Generated by org.testng.reporters.JUnitXMLReporter -->
<testsuite hostname="HAH1W10BLR" name="AllAnimals" tests="8" failures="0" timestamp="27 Feb 2021 17:18:05 GMT" time="0.043" errors="0">
  <testcase name="croc" time="0.002" classname="sample.tests.TestGrouping"/>
  <testcase name="dog" time="0.002" classname="sample.tests.TestGrouping"/>
  <testcase name="dolphin" time="0.004" classname="sample.tests.TestGrouping"/>
  <testcase name="elephant" time="0.003" classname="sample.tests.TestGrouping"/>
  <testcase name="frog" time="0.003" classname="sample.tests.TestGrouping"/>
  <testcase name="shark" time="0.002" classname="sample.tests.TestGrouping"/>
  <testcase name="snake" time="0.001" classname="sample.tests.TestGrouping"/>
  <testcase name="whale" time="0.001" classname="sample.tests.TestGrouping"/>
</testsuite> <!-- AllAnimals -->
