<?xml version="1.0" encoding="UTF-8"?>
<!-- Generated by org.testng.reporters.JUnitXMLReporter -->
<testsuite hostname="LAPTOP-TG0KRG92" failures="0" tests="8" name="AllAnimals" time="0.047" errors="0" timestamp="17 Jul 2021 18:18:25 GMT">
  <testcase classname="sample.tests.TestGrouping" name="croc" time="0.005"/>
  <testcase classname="sample.tests.TestGrouping" name="dog" time="0.0"/>
  <testcase classname="sample.tests.TestGrouping" name="dolphin" time="0.0"/>
  <testcase classname="sample.tests.TestGrouping" name="elephant" time="0.001"/>
  <testcase classname="sample.tests.TestGrouping" name="frog" time="0.0"/>
  <testcase classname="sample.tests.TestGrouping" name="shark" time="0.0"/>
  <testcase classname="sample.tests.TestGrouping" name="snake" time="0.0"/>
  <testcase classname="sample.tests.TestGrouping" name="whale" time="0.0"/>
</testsuite> <!-- AllAnimals -->
