<?xml version="1.0" encoding="UTF-8"?>
<!-- Generated by org.testng.reporters.JUnitXMLReporter -->
<testsuite hostname="LAPTOP-TG0KRG92" failures="0" tests="5" name="Aquatic" time="0.007" errors="0" timestamp="17 Jul 2021 18:18:26 GMT">
  <testcase classname="sample.tests.TestGrouping" name="croc" time="0.0"/>
  <testcase classname="sample.tests.TestGrouping" name="dolphin" time="0.001"/>
  <testcase classname="sample.tests.TestGrouping" name="frog" time="0.001"/>
  <testcase classname="sample.tests.TestGrouping" name="shark" time="0.0"/>
  <testcase classname="sample.tests.TestGrouping" name="whale" time="0.001"/>
</testsuite> <!-- Aquatic -->
