<?xml version="1.0" encoding="UTF-8"?>
<!-- Generated by org.testng.reporters.JUnitXMLReporter -->
<testsuite hostname="HAH1W10BLR" name="OnlyAquatic" tests="3" failures="0" timestamp="27 Feb 2021 17:18:04 GMT" time="0.017" errors="0">
  <testcase name="dolphin" time="0.005" classname="sample.tests.TestGrouping"/>
  <testcase name="shark" time="0.002" classname="sample.tests.TestGrouping"/>
  <testcase name="whale" time="0.002" classname="sample.tests.TestGrouping"/>
</testsuite> <!-- OnlyAquatic -->
