<?xml version="1.0" encoding="UTF-8"?>
<testng-results total="3" passed="3" failed="0" skipped="0">
  <reporter-output>
    <line>
      <![CDATA[In onStart(ISuite arg) ===== :class com.listeners.hooks.Listener
]]>
    </line>
    <line>
      <![CDATA[In onStart(ISuite arg) ===== :class com.listeners.hooks.Listener
]]>
    </line>
    <line>
      <![CDATA[In before method Invocation :class com.listeners.hooks.Listener
]]>
    </line>
    <line>
      <![CDATA[Before executingTestBase.beforeSuite()[pri:0, instance:com.webdriver.tests.WebdriverExceptionsTest@4ed5eb72]
]]>
    </line>
    <line>
      <![CDATA[In before method Invocation :class com.listeners.hooks.Listener
]]>
    </line>
    <line>
      <![CDATA[Before executingTestBase.beforeSuite()[pri:0, instance:com.webdriver.tests.WebdriverExceptionsTest@4ed5eb72]
]]>
    </line>
    <line>
      <![CDATA[In after method Invocation :class com.listeners.hooks.Listener
]]>
    </line>
    <line>
      <![CDATA[After executing :TestBase.beforeSuite()[pri:0, instance:com.webdriver.tests.WebdriverExceptionsTest@4ed5eb72]
]]>
    </line>
    <line>
      <![CDATA[In after method Invocation :class com.listeners.hooks.Listener
]]>
    </line>
    <line>
      <![CDATA[After executing :TestBase.beforeSuite()[pri:0, instance:com.webdriver.tests.WebdriverExceptionsTest@4ed5eb72]
]]>
    </line>
    <line>
      <![CDATA[In onStart(ITestContext arg) ===== :class com.listeners.hooks.Listener
]]>
    </line>
    <line>
      <![CDATA[In onTestStart(ITestResult arg) ===== :class com.listeners.hooks.Listener
]]>
    </line>
    <line>
      <![CDATA[In before method Invocation :class com.listeners.hooks.Listener
]]>
    </line>
    <line>
      <![CDATA[Before executingWebdriverExceptionsTest.testIllegalStateException()[pri:0, instance:com.webdriver.tests.WebdriverExceptionsTest@4ed5eb72]
]]>
    </line>
    <line>
      <![CDATA[In before method Invocation :class com.listeners.hooks.Listener
]]>
    </line>
    <line>
      <![CDATA[Before executingWebdriverExceptionsTest.testIllegalStateException()[pri:0, instance:com.webdriver.tests.WebdriverExceptionsTest@4ed5eb72]
]]>
    </line>
    <line>
      <![CDATA[In after method Invocation :class com.listeners.hooks.Listener
]]>
    </line>
    <line>
      <![CDATA[After executing :WebdriverExceptionsTest.testIllegalStateException()[pri:0, instance:com.webdriver.tests.WebdriverExceptionsTest@4ed5eb72]
]]>
    </line>
    <line>
      <![CDATA[In after method Invocation :class com.listeners.hooks.Listener
]]>
    </line>
    <line>
      <![CDATA[After executing :WebdriverExceptionsTest.testIllegalStateException()[pri:0, instance:com.webdriver.tests.WebdriverExceptionsTest@4ed5eb72]
]]>
    </line>
    <line>
      <![CDATA[In onTestSuccess(ITestResult result) ===== :class com.listeners.hooks.Listener
]]>
    </line>
    <line>
      <![CDATA[In onTestStart(ITestResult arg) ===== :class com.listeners.hooks.Listener
]]>
    </line>
    <line>
      <![CDATA[In before method Invocation :class com.listeners.hooks.Listener
]]>
    </line>
    <line>
      <![CDATA[Before executingWebdriverExceptionsTest.testRUL()[pri:0, instance:com.webdriver.tests.WebdriverExceptionsTest@4ed5eb72]
]]>
    </line>
    <line>
      <![CDATA[In before method Invocation :class com.listeners.hooks.Listener
]]>
    </line>
    <line>
      <![CDATA[Before executingWebdriverExceptionsTest.testRUL()[pri:0, instance:com.webdriver.tests.WebdriverExceptionsTest@4ed5eb72]
]]>
    </line>
    <line>
      <![CDATA[In after method Invocation :class com.listeners.hooks.Listener
]]>
    </line>
    <line>
      <![CDATA[After executing :WebdriverExceptionsTest.testRUL()[pri:0, instance:com.webdriver.tests.WebdriverExceptionsTest@4ed5eb72]
]]>
    </line>
    <line>
      <![CDATA[In after method Invocation :class com.listeners.hooks.Listener
]]>
    </line>
    <line>
      <![CDATA[After executing :WebdriverExceptionsTest.testRUL()[pri:0, instance:com.webdriver.tests.WebdriverExceptionsTest@4ed5eb72]
]]>
    </line>
    <line>
      <![CDATA[In onTestSuccess(ITestResult result) ===== :class com.listeners.hooks.Listener
]]>
    </line>
    <line>
      <![CDATA[In onTestStart(ITestResult arg) ===== :class com.listeners.hooks.Listener
]]>
    </line>
    <line>
      <![CDATA[In before method Invocation :class com.listeners.hooks.Listener
]]>
    </line>
    <line>
      <![CDATA[Before executingWebdriverExceptionsTest.testWebDriverException()[pri:0, instance:com.webdriver.tests.WebdriverExceptionsTest@4ed5eb72]
]]>
    </line>
    <line>
      <![CDATA[In before method Invocation :class com.listeners.hooks.Listener
]]>
    </line>
    <line>
      <![CDATA[Before executingWebdriverExceptionsTest.testWebDriverException()[pri:0, instance:com.webdriver.tests.WebdriverExceptionsTest@4ed5eb72]
]]>
    </line>
    <line>
      <![CDATA[In after method Invocation :class com.listeners.hooks.Listener
]]>
    </line>
    <line>
      <![CDATA[After executing :WebdriverExceptionsTest.testWebDriverException()[pri:0, instance:com.webdriver.tests.WebdriverExceptionsTest@4ed5eb72]
]]>
    </line>
    <line>
      <![CDATA[In after method Invocation :class com.listeners.hooks.Listener
]]>
    </line>
    <line>
      <![CDATA[After executing :WebdriverExceptionsTest.testWebDriverException()[pri:0, instance:com.webdriver.tests.WebdriverExceptionsTest@4ed5eb72]
]]>
    </line>
    <line>
      <![CDATA[In onTestSuccess(ITestResult result) ===== :class com.listeners.hooks.Listener
]]>
    </line>
    <line>
      <![CDATA[In onFinish(ITestContext arg) ===== :class com.listeners.hooks.Listener
]]>
    </line>
    <line>
      <![CDATA[In before method Invocation :class com.listeners.hooks.Listener
]]>
    </line>
    <line>
      <![CDATA[Before executingTestBase.tearDown()[pri:0, instance:com.webdriver.tests.WebdriverExceptionsTest@4ed5eb72]
]]>
    </line>
    <line>
      <![CDATA[In before method Invocation :class com.listeners.hooks.Listener
]]>
    </line>
    <line>
      <![CDATA[Before executingTestBase.tearDown()[pri:0, instance:com.webdriver.tests.WebdriverExceptionsTest@4ed5eb72]
]]>
    </line>
    <line>
      <![CDATA[In after method Invocation :class com.listeners.hooks.Listener
]]>
    </line>
    <line>
      <![CDATA[After executing :TestBase.tearDown()[pri:0, instance:com.webdriver.tests.WebdriverExceptionsTest@4ed5eb72]
]]>
    </line>
    <line>
      <![CDATA[In after method Invocation :class com.listeners.hooks.Listener
]]>
    </line>
    <line>
      <![CDATA[After executing :TestBase.tearDown()[pri:0, instance:com.webdriver.tests.WebdriverExceptionsTest@4ed5eb72]
]]>
    </line>
    <line>
      <![CDATA[In onFinish(ISuite arg) ===== :class com.listeners.hooks.Listener
]]>
    </line>
    <line>
      <![CDATA[In onFinish(ISuite arg) ===== :class com.listeners.hooks.Listener
]]>
    </line>
  </reporter-output>
  <suite started-at="2021-08-28T08:12:30Z" name="TestWebDriverExceptionsSuite" finished-at="2021-08-28T08:12:32Z" duration-ms="1882">
    <groups>
    </groups>
    <test started-at="2021-08-28T08:12:30Z" name="TestWebDriverExceptions" finished-at="2021-08-28T08:12:32Z" duration-ms="1882">
      <class name="com.webdriver.tests.WebdriverExceptionsTest">
        <test-method is-config="true" signature="beforeSuite()[pri:0, instance:com.webdriver.tests.WebdriverExceptionsTest@4ed5eb72]" started-at="2021-08-28T13:42:30Z" name="beforeSuite" finished-at="2021-08-28T13:42:30Z" duration-ms="6" status="PASS">
          <reporter-output>
            <line>
              <![CDATA[In after method Invocation :class com.listeners.hooks.Listener
]]>
            </line>
            <line>
              <![CDATA[After executing :TestBase.beforeSuite()[pri:0, instance:com.webdriver.tests.WebdriverExceptionsTest@4ed5eb72]
]]>
            </line>
            <line>
              <![CDATA[In after method Invocation :class com.listeners.hooks.Listener
]]>
            </line>
            <line>
              <![CDATA[After executing :TestBase.beforeSuite()[pri:0, instance:com.webdriver.tests.WebdriverExceptionsTest@4ed5eb72]
]]>
            </line>
          </reporter-output>
        </test-method> <!-- beforeSuite -->
        <test-method signature="testIllegalStateException()[pri:0, instance:com.webdriver.tests.WebdriverExceptionsTest@4ed5eb72]" started-at="2021-08-28T13:42:30Z" name="testIllegalStateException" finished-at="2021-08-28T13:42:30Z" duration-ms="42" status="PASS">
          <reporter-output>
            <line>
              <![CDATA[In after method Invocation :class com.listeners.hooks.Listener
]]>
            </line>
            <line>
              <![CDATA[After executing :WebdriverExceptionsTest.testIllegalStateException()[pri:0, instance:com.webdriver.tests.WebdriverExceptionsTest@4ed5eb72]
]]>
            </line>
            <line>
              <![CDATA[In after method Invocation :class com.listeners.hooks.Listener
]]>
            </line>
            <line>
              <![CDATA[After executing :WebdriverExceptionsTest.testIllegalStateException()[pri:0, instance:com.webdriver.tests.WebdriverExceptionsTest@4ed5eb72]
]]>
            </line>
            <line>
              <![CDATA[In onTestSuccess(ITestResult result) ===== :class com.listeners.hooks.Listener
]]>
            </line>
          </reporter-output>
        </test-method> <!-- testIllegalStateException -->
        <test-method signature="testRUL()[pri:0, instance:com.webdriver.tests.WebdriverExceptionsTest@4ed5eb72]" started-at="2021-08-28T13:42:30Z" name="testRUL" finished-at="2021-08-28T13:42:31Z" duration-ms="1154" status="PASS">
          <reporter-output>
            <line>
              <![CDATA[In after method Invocation :class com.listeners.hooks.Listener
]]>
            </line>
            <line>
              <![CDATA[After executing :WebdriverExceptionsTest.testRUL()[pri:0, instance:com.webdriver.tests.WebdriverExceptionsTest@4ed5eb72]
]]>
            </line>
            <line>
              <![CDATA[In after method Invocation :class com.listeners.hooks.Listener
]]>
            </line>
            <line>
              <![CDATA[After executing :WebdriverExceptionsTest.testRUL()[pri:0, instance:com.webdriver.tests.WebdriverExceptionsTest@4ed5eb72]
]]>
            </line>
            <line>
              <![CDATA[In onTestSuccess(ITestResult result) ===== :class com.listeners.hooks.Listener
]]>
            </line>
          </reporter-output>
        </test-method> <!-- testRUL -->
        <test-method signature="testWebDriverException()[pri:0, instance:com.webdriver.tests.WebdriverExceptionsTest@4ed5eb72]" started-at="2021-08-28T13:42:31Z" name="testWebDriverException" finished-at="2021-08-28T13:42:32Z" duration-ms="674" status="PASS">
          <reporter-output>
            <line>
              <![CDATA[In after method Invocation :class com.listeners.hooks.Listener
]]>
            </line>
            <line>
              <![CDATA[After executing :WebdriverExceptionsTest.testWebDriverException()[pri:0, instance:com.webdriver.tests.WebdriverExceptionsTest@4ed5eb72]
]]>
            </line>
            <line>
              <![CDATA[In after method Invocation :class com.listeners.hooks.Listener
]]>
            </line>
            <line>
              <![CDATA[After executing :WebdriverExceptionsTest.testWebDriverException()[pri:0, instance:com.webdriver.tests.WebdriverExceptionsTest@4ed5eb72]
]]>
            </line>
            <line>
              <![CDATA[In onTestSuccess(ITestResult result) ===== :class com.listeners.hooks.Listener
]]>
            </line>
          </reporter-output>
        </test-method> <!-- testWebDriverException -->
        <test-method is-config="true" signature="tearDown()[pri:0, instance:com.webdriver.tests.WebdriverExceptionsTest@4ed5eb72]" started-at="2021-08-28T13:42:32Z" name="tearDown" finished-at="2021-08-28T13:42:32Z" duration-ms="0" status="PASS">
          <reporter-output>
            <line>
              <![CDATA[In after method Invocation :class com.listeners.hooks.Listener
]]>
            </line>
            <line>
              <![CDATA[After executing :TestBase.tearDown()[pri:0, instance:com.webdriver.tests.WebdriverExceptionsTest@4ed5eb72]
]]>
            </line>
            <line>
              <![CDATA[In after method Invocation :class com.listeners.hooks.Listener
]]>
            </line>
            <line>
              <![CDATA[After executing :TestBase.tearDown()[pri:0, instance:com.webdriver.tests.WebdriverExceptionsTest@4ed5eb72]
]]>
            </line>
          </reporter-output>
        </test-method> <!-- tearDown -->
      </class> <!-- com.webdriver.tests.WebdriverExceptionsTest -->
    </test> <!-- TestWebDriverExceptions -->
  </suite> <!-- TestWebDriverExceptionsSuite -->
</testng-results>
