<?xml version="1.0" encoding="UTF-8"?>
<testng-results skipped="0" failed="1" total="2" passed="1">
  <reporter-output>
  </reporter-output>
  <suite name="Test-class Suite" duration-ms="50126" started-at="2021-07-12T11:43:19Z" finished-at="2021-07-12T11:44:09Z">
    <groups>
    </groups>
    <test name="Test-class test 1" duration-ms="50126" started-at="2021-07-12T11:43:19Z" finished-at="2021-07-12T11:44:09Z">
      <class name="sample.guru99.TestScrolling">
        <test-method status="PASS" signature="setUp()[pri:0, instance:sample.guru99.TestScrolling@76e86fcc]" name="setUp" is-config="true" duration-ms="22788" started-at="2021-07-12T17:13:19Z" finished-at="2021-07-12T17:13:42Z">
          <reporter-output>
          </reporter-output>
        </test-method> <!-- setUp -->
        <test-method status="PASS" signature="setUp()[pri:0, instance:sample.guru99.TestScrolling@76e86fcc]" name="setUp" is-config="true" duration-ms="32724" started-at="2021-07-12T17:13:19Z" finished-at="2021-07-12T17:13:52Z">
          <reporter-output>
          </reporter-output>
        </test-method> <!-- setUp -->
        <test-method status="FAIL" signature="TestScrollUsingJS()[pri:0, instance:sample.guru99.TestScrolling@76e86fcc]" name="TestScrollUsingJS" duration-ms="27303" started-at="2021-07-12T17:13:42Z" finished-at="2021-07-12T17:14:09Z">
          <exception class="org.openqa.selenium.NoSuchSessionException">
            <message>
              <![CDATA[Session ID is null. Using WebDriver after calling quit()?
Build info: version: '3.4.0', revision: 'unknown', time: 'unknown'
System info: host: 'HAH1W10BLR', ip: '10.201.133.151', os.name: 'Windows 10', os.arch: 'amd64', os.version: '10.0', java.version: '1.8.0_232'
Driver info: driver.version: RemoteWebDriver]]>
            </message>
            <full-stacktrace>
              <![CDATA[org.openqa.selenium.NoSuchSessionException: Session ID is null. Using WebDriver after calling quit()?
Build info: version: '3.4.0', revision: 'unknown', time: 'unknown'
System info: host: 'HAH1W10BLR', ip: '10.201.133.151', os.name: 'Windows 10', os.arch: 'amd64', os.version: '10.0', java.version: '1.8.0_232'
Driver info: driver.version: RemoteWebDriver
	at org.openqa.selenium.remote.HttpCommandExecutor.execute(HttpCommandExecutor.java:131)
	at org.openqa.selenium.remote.service.DriverCommandExecutor.execute(DriverCommandExecutor.java:82)
	at org.openqa.selenium.remote.RemoteWebDriver.execute(RemoteWebDriver.java:637)
	at org.openqa.selenium.remote.RemoteWebDriver.perform(RemoteWebDriver.java:703)
	at org.openqa.selenium.interactions.Actions$BuiltAction.perform(Actions.java:631)
	at org.openqa.selenium.interactions.Actions.perform(Actions.java:593)
	at core.util.SeleniumCore.moveToElement(SeleniumCore.java:29)
	at sample.guru99.TestScrolling.TestScrollUsingJS(TestScrolling.java:47)
	at sun.reflect.NativeMethodAccessorImpl.invoke0(Native Method)
	at sun.reflect.NativeMethodAccessorImpl.invoke(NativeMethodAccessorImpl.java:62)
	at sun.reflect.DelegatingMethodAccessorImpl.invoke(DelegatingMethodAccessorImpl.java:43)
	at java.lang.reflect.Method.invoke(Method.java:498)
	at org.testng.internal.MethodInvocationHelper.invokeMethod(MethodInvocationHelper.java:80)
	at org.testng.internal.Invoker.invokeMethod(Invoker.java:714)
	at org.testng.internal.Invoker.invokeTestMethod(Invoker.java:901)
	at org.testng.internal.Invoker.invokeTestMethods(Invoker.java:1231)
	at org.testng.internal.TestMethodWorker.invokeTestMethods(TestMethodWorker.java:127)
	at org.testng.internal.TestMethodWorker.run(TestMethodWorker.java:111)
	at java.util.concurrent.ThreadPoolExecutor.runWorker(ThreadPoolExecutor.java:1149)
	at java.util.concurrent.ThreadPoolExecutor$Worker.run(ThreadPoolExecutor.java:624)
	at java.lang.Thread.run(Thread.java:819)
]]>
            </full-stacktrace>
          </exception> <!-- org.openqa.selenium.NoSuchSessionException -->
          <reporter-output>
          </reporter-output>
        </test-method> <!-- TestScrollUsingJS -->
        <test-method status="PASS" signature="TestScrollUsingActions()[pri:0, instance:sample.guru99.TestScrolling@76e86fcc]" name="TestScrollUsingActions" duration-ms="13311" started-at="2021-07-12T17:13:52Z" finished-at="2021-07-12T17:14:05Z">
          <reporter-output>
          </reporter-output>
        </test-method> <!-- TestScrollUsingActions -->
        <test-method status="PASS" signature="tearDown()[pri:0, instance:sample.guru99.TestScrolling@76e86fcc]" name="tearDown" is-config="true" duration-ms="2143" started-at="2021-07-12T17:14:05Z" finished-at="2021-07-12T17:14:07Z">
          <reporter-output>
          </reporter-output>
        </test-method> <!-- tearDown -->
        <test-method status="PASS" signature="tearDown()[pri:0, instance:sample.guru99.TestScrolling@76e86fcc]" name="tearDown" is-config="true" duration-ms="0" started-at="2021-07-12T17:14:09Z" finished-at="2021-07-12T17:14:09Z">
          <reporter-output>
          </reporter-output>
        </test-method> <!-- tearDown -->
      </class> <!-- sample.guru99.TestScrolling -->
    </test> <!-- Test-class test 1 -->
  </suite> <!-- Test-class Suite -->
</testng-results>
