<?xml version="1.0" encoding="UTF-8"?>
<testng-results ignored="0" total="2" passed="2" failed="0" skipped="0">
  <reporter-output>
  </reporter-output>
  <suite started-at="2021-08-04T14:59:32 IST" name="Default suite" finished-at="2021-08-04T14:59:51 IST" duration-ms="19379">
    <groups>
    </groups>
    <test started-at="2021-08-04T14:59:32 IST" name="Default test" finished-at="2021-08-04T14:59:51 IST" duration-ms="19379">
      <class name="com.rahulshetty.tests.TestRSAcademy">
        <test-method is-config="true" signature="setUp()[pri:0, instance:com.rahulshetty.tests.TestRSAcademy@7fee8714]" started-at="2021-08-04T14:59:32 IST" name="setUp" finished-at="2021-08-04T14:59:39 IST" duration-ms="7357" status="PASS">
          <reporter-output>
          </reporter-output>
        </test-method> <!-- setUp -->
        <test-method signature="testCurrencySelection()[pri:0, instance:com.rahulshetty.tests.TestRSAcademy@7fee8714]" started-at="2021-08-04T14:59:39 IST" name="testCurrencySelection" finished-at="2021-08-04T14:59:50 IST" duration-ms="11192" status="PASS">
          <reporter-output>
          </reporter-output>
        </test-method> <!-- testCurrencySelection -->
        <test-method signature="testPassengersSelection()[pri:0, instance:com.rahulshetty.tests.TestRSAcademy@7fee8714]" started-at="2021-08-04T14:59:50 IST" name="testPassengersSelection" finished-at="2021-08-04T14:59:51 IST" duration-ms="552" status="PASS">
          <reporter-output>
          </reporter-output>
        </test-method> <!-- testPassengersSelection -->
        <test-method is-config="true" signature="tearDown()[pri:0, instance:com.rahulshetty.tests.TestRSAcademy@7fee8714]" started-at="2021-08-04T14:59:51 IST" name="tearDown" finished-at="2021-08-04T14:59:51 IST" duration-ms="198" status="PASS">
          <reporter-output>
          </reporter-output>
        </test-method> <!-- tearDown -->
      </class> <!-- com.rahulshetty.tests.TestRSAcademy -->
    </test> <!-- Default test -->
  </suite> <!-- Default suite -->
</testng-results>
